Determining if the pthread_create exist failed with the following output:
Change Dir: /home/rohit/project/rtabmap/build/CMakeFiles/CMakeTmp

Run Build Command:"/usr/bin/make" "cmTC_e71ee/fast"
/usr/bin/make -f CMakeFiles/cmTC_e71ee.dir/build.make CMakeFiles/cmTC_e71ee.dir/build
make[1]: Entering directory '/home/rohit/project/rtabmap/build/CMakeFiles/CMakeTmp'
Building C object CMakeFiles/cmTC_e71ee.dir/CheckSymbolExists.c.o
/usr/bin/cc     -o CMakeFiles/cmTC_e71ee.dir/CheckSymbolExists.c.o   -c /home/rohit/project/rtabmap/build/CMakeFiles/CMakeTmp/CheckSymbolExists.c
Linking C executable cmTC_e71ee
/usr/bin/cmake -E cmake_link_script CMakeFiles/cmTC_e71ee.dir/link.txt --verbose=1
/usr/bin/cc       CMakeFiles/cmTC_e71ee.dir/CheckSymbolExists.c.o  -o cmTC_e71ee -rdynamic 
CMakeFiles/cmTC_e71ee.dir/CheckSymbolExists.c.o: In function `main':
CheckSymbolExists.c:(.text+0x16): undefined reference to `pthread_create'
collect2: error: ld returned 1 exit status
CMakeFiles/cmTC_e71ee.dir/build.make:97: recipe for target 'cmTC_e71ee' failed
make[1]: *** [cmTC_e71ee] Error 1
make[1]: Leaving directory '/home/rohit/project/rtabmap/build/CMakeFiles/CMakeTmp'
Makefile:126: recipe for target 'cmTC_e71ee/fast' failed
make: *** [cmTC_e71ee/fast] Error 2

File /home/rohit/project/rtabmap/build/CMakeFiles/CMakeTmp/CheckSymbolExists.c:
/* */
#include <pthread.h>

int main(int argc, char** argv)
{
  (void)argv;
#ifndef pthread_create
  return ((int*)(&pthread_create))[argc];
#else
  (void)argc;
  return 0;
#endif
}

Determining if the function pthread_create exists in the pthreads failed with the following output:
Change Dir: /home/rohit/project/rtabmap/build/CMakeFiles/CMakeTmp

Run Build Command:"/usr/bin/make" "cmTC_59cfb/fast"
/usr/bin/make -f CMakeFiles/cmTC_59cfb.dir/build.make CMakeFiles/cmTC_59cfb.dir/build
make[1]: Entering directory '/home/rohit/project/rtabmap/build/CMakeFiles/CMakeTmp'
Building C object CMakeFiles/cmTC_59cfb.dir/CheckFunctionExists.c.o
/usr/bin/cc    -DCHECK_FUNCTION_EXISTS=pthread_create   -o CMakeFiles/cmTC_59cfb.dir/CheckFunctionExists.c.o   -c /usr/share/cmake-3.5/Modules/CheckFunctionExists.c
Linking C executable cmTC_59cfb
/usr/bin/cmake -E cmake_link_script CMakeFiles/cmTC_59cfb.dir/link.txt --verbose=1
/usr/bin/cc   -DCHECK_FUNCTION_EXISTS=pthread_create    CMakeFiles/cmTC_59cfb.dir/CheckFunctionExists.c.o  -o cmTC_59cfb -rdynamic -lpthreads 
/usr/bin/ld: cannot find -lpthreads
collect2: error: ld returned 1 exit status
CMakeFiles/cmTC_59cfb.dir/build.make:97: recipe for target 'cmTC_59cfb' failed
make[1]: *** [cmTC_59cfb] Error 1
make[1]: Leaving directory '/home/rohit/project/rtabmap/build/CMakeFiles/CMakeTmp'
Makefile:126: recipe for target 'cmTC_59cfb/fast' failed
make: *** [cmTC_59cfb/fast] Error 2


